<?xml version="1.0" encoding="UTF-8"?>
<!-- Generated by org.testng.reporters.JUnitReportReporter -->
<testsuite skipped="0" hostname="DESKTOP-4L8S628" name="chrome.Login" tests="1" failures="0" timestamp="2020-10-24T21:25:40 IST" time="8.557" errors="0">
  <testcase name="loginToLeafTaps" time="8.557" classname="chrome.Login"/>
  <system-out/>
</testsuite> <!-- chrome.Login -->
